#
# There is insufficient memory for the Java Runtime Environment to continue.
# Native memory allocation (malloc) failed to allocate 32744 bytes for Chunk::new
# Possible reasons:
#   The system is out of physical RAM or swap space
#   The process is running with CompressedOops enabled, and the Java Heap may be blocking the growth of the native heap
# Possible solutions:
#   Reduce memory load on the system
#   Increase physical memory or swap space
#   Check if swap backing store is full
#   Decrease Java heap size (-Xmx/-Xms)
#   Decrease number of Java threads
#   Decrease Java thread stack sizes (-Xss)
#   Set larger code cache with -XX:ReservedCodeCacheSize=
#   JVM is running with Unscaled Compressed Oops mode in which the Java heap is
#     placed in the first 4GB address space. The Java Heap base address is the
#     maximum limit for the native heap growth. Please use -XX:HeapBaseMinAddress
#     to set the Java Heap base and to place the Java Heap above 4GB virtual address.
# This output file may be truncated or incomplete.
#
#  Out of Memory Error (arena.cpp:184), pid=13884, tid=11516
#
# JRE version: Java(TM) SE Runtime Environment (18.0.1+10) (build 18.0.1+10-24)
# Java VM: Java HotSpot(TM) 64-Bit Server VM (18.0.1+10-24, mixed mode, sharing, tiered, compressed oops, compressed class ptrs, g1 gc, windows-amd64)
# No core dump will be written. Minidumps are not enabled by default on client versions of Windows
#

---------------  S U M M A R Y ------------

Command Line: -Dfile.encoding=UTF-8 --module-path=C:\Users\Hp\Documents\NetBeansProjects\ArunikaLabs\build\classes arunikalabs.view.Login

Host: Intel(R) Core(TM) i7-5600U CPU @ 2.60GHz, 4 cores, 7G,  Windows 10 , 64 bit Build 19041 (10.0.19041.1706)
Time: Wed Jun  1 19:48:41 2022 SE Asia Standard Time elapsed time: 964.765753 seconds (0d 0h 16m 4s)

---------------  T H R E A D  ---------------

Current thread (0x000002653f147ce0):  JavaThread "C2 CompilerThread0" daemon [_thread_in_native, id=11516, stack(0x000000db50e00000,0x000000db50f00000)]


Current CompileTask:
C2: 964765 2502  s    4       sun.java2d.loops.RenderCache::get (100 bytes)

Stack: [0x000000db50e00000,0x000000db50f00000]
Native frames: (J=compiled Java code, j=interpreted, Vv=VM code, C=native code)
V  [jvm.dll+0x69887a]
V  [jvm.dll+0x7f38bd]
V  [jvm.dll+0x7f51ce]
V  [jvm.dll+0x7f5883]
V  [jvm.dll+0x25ca3f]
V  [jvm.dll+0xb8c2f]
V  [jvm.dll+0xb8fa5]
V  [jvm.dll+0x2c794f]
V  [jvm.dll+0x5a05b0]
V  [jvm.dll+0x237f1e]
V  [jvm.dll+0x231764]
V  [jvm.dll+0x22eeeb]
V  [jvm.dll+0x1b9cfc]
V  [jvm.dll+0x23e8ca]
V  [jvm.dll+0x23cbb5]
V  [jvm.dll+0x7a5fb1]
V  [jvm.dll+0x7a03ea]
V  [jvm.dll+0x697725]
C  [ucrtbase.dll+0x21bb2]
C  [KERNEL32.DLL+0x17034]
C  [ntdll.dll+0x52651]


---------------  P R O C E S S  ---------------

Threads class SMR info:
_java_thread_list=0x000002654424bdc0, length=17, elements={
0x000002653f0f8540, 0x000002653f0f90b0, 0x000002653f1145c0, 0x000002653f114e70,
0x000002653f115720, 0x000002653f11e120, 0x000002653f147ce0, 0x000002653f14a720,
0x000002653f1547f0, 0x0000026521907f60, 0x0000026543527f90, 0x00000265436b0a70,
0x00000265436b0f30, 0x00000265436b13f0, 0x0000026543703610, 0x000002652183dd90,
0x0000026544204c30
}

Java Threads: ( => current thread )
  0x000002653f0f8540 JavaThread "Reference Handler" daemon [_thread_blocked, id=7628, stack(0x000000db50800000,0x000000db50900000)]
  0x000002653f0f90b0 JavaThread "Finalizer" daemon [_thread_blocked, id=4344, stack(0x000000db50900000,0x000000db50a00000)]
  0x000002653f1145c0 JavaThread "Signal Dispatcher" daemon [_thread_blocked, id=11360, stack(0x000000db50a00000,0x000000db50b00000)]
  0x000002653f114e70 JavaThread "Attach Listener" daemon [_thread_blocked, id=17044, stack(0x000000db50b00000,0x000000db50c00000)]
  0x000002653f115720 JavaThread "Service Thread" daemon [_thread_blocked, id=12544, stack(0x000000db50c00000,0x000000db50d00000)]
  0x000002653f11e120 JavaThread "Monitor Deflation Thread" daemon [_thread_blocked, id=14028, stack(0x000000db50d00000,0x000000db50e00000)]
=>0x000002653f147ce0 JavaThread "C2 CompilerThread0" daemon [_thread_in_native, id=11516, stack(0x000000db50e00000,0x000000db50f00000)]
  0x000002653f14a720 JavaThread "C1 CompilerThread0" daemon [_thread_in_native, id=11016, stack(0x000000db50f00000,0x000000db51000000)]
  0x000002653f1547f0 JavaThread "Sweeper thread" daemon [_thread_blocked, id=10096, stack(0x000000db51000000,0x000000db51100000)]
  0x0000026521907f60 JavaThread "Common-Cleaner" daemon [_thread_blocked, id=15348, stack(0x000000db51100000,0x000000db51200000)]
  0x0000026543527f90 JavaThread "Notification Thread" daemon [_thread_blocked, id=16520, stack(0x000000db51200000,0x000000db51300000)]
  0x00000265436b0a70 JavaThread "Java2D Disposer" daemon [_thread_blocked, id=14212, stack(0x000000db51400000,0x000000db51500000)]
  0x00000265436b0f30 JavaThread "AWT-Shutdown" [_thread_blocked, id=1652, stack(0x000000db51500000,0x000000db51600000)]
  0x00000265436b13f0 JavaThread "AWT-Windows" daemon [_thread_in_native, id=3320, stack(0x000000db51600000,0x000000db51700000)]
  0x0000026543703610 JavaThread "AWT-EventQueue-0" [_thread_blocked, id=17088, stack(0x000000db51700000,0x000000db51800000)]
  0x000002652183dd90 JavaThread "DestroyJavaVM" [_thread_blocked, id=5044, stack(0x000000db50100000,0x000000db50200000)]
  0x0000026544204c30 JavaThread "TimerQueue" daemon [_thread_blocked, id=2284, stack(0x000000db51c00000,0x000000db51d00000)]

Other Threads:
  0x00000265218bb440 VMThread "VM Thread" [stack: 0x000000db50700000,0x000000db50800000] [id=7512]
  0x0000026543528450 WatcherThread "VM Periodic Task Thread" [stack: 0x000000db51300000,0x000000db51400000] [id=10356]
  0x000002652189b970 WorkerThread "GC Thread#0" [stack: 0x000000db50200000,0x000000db50300000] [id=13592]
  0x00000265437b2050 WorkerThread "GC Thread#1" [stack: 0x000000db51800000,0x000000db51900000] [id=7784]
  0x00000265435c8a00 WorkerThread "GC Thread#2" [stack: 0x000000db51d00000,0x000000db51e00000] [id=12744]
  0x00000265435c8ca0 WorkerThread "GC Thread#3" [stack: 0x000000db51e00000,0x000000db51f00000] [id=5544]
  0x00000265218ad400 ConcurrentGCThread "G1 Main Marker" [stack: 0x000000db50300000,0x000000db50400000] [id=10632]
  0x00000265218af4b0 WorkerThread "G1 Conc#0" [stack: 0x000000db50400000,0x000000db50500000] [id=4564]
  0x00000265218f3670 ConcurrentGCThread "G1 Refine#0" [stack: 0x000000db50500000,0x000000db50600000] [id=3316]
  0x00000265435cce20 ConcurrentGCThread "G1 Refine#1" [stack: 0x000000db51f00000,0x000000db52000000] [id=10560]
  0x00000265218f3e90 ConcurrentGCThread "G1 Service" [stack: 0x000000db50600000,0x000000db50700000] [id=14216]

Threads with active compile tasks:
C2 CompilerThread0   964818 2502  s    4       sun.java2d.loops.RenderCache::get (100 bytes)
C1 CompilerThread0   964818 2501   !   3       java.awt.Container::mixOnReshaping (149 bytes)

VM state: not at safepoint (normal execution)

VM Mutex/Monitor currently owned by a thread: None

Heap address: 0x0000000081e00000, size: 2018 MB, Compressed Oops mode: 32-bit

CDS archive(s) mapped at: [0x0000000800000000-0x0000000800ba0000-0x0000000800ba0000), size 12189696, SharedBaseAddress: 0x0000000800000000, ArchiveRelocationMode: 0.
Compressed class space mapped at: 0x0000000800c00000-0x0000000840c00000, reserved size: 1073741824
Narrow klass base: 0x0000000800000000, Narrow klass shift: 0, Narrow klass range: 0x100000000

GC Precious Log:
 CardTable entry size: 512
 Card Set container configuration: InlinePtr #cards 5 size 8 Array Of Cards #cards 12 size 40 Howl #buckets 4 coarsen threshold 1843 Howl Bitmap #cards 512 size 80 coarsen threshold 460 Card regions per heap region 1 cards per card region 2048
 CPUs: 4 total, 4 available
 Memory: 8067M
 Large Page Support: Disabled
 NUMA Support: Disabled
 Compressed Oops: Enabled (32-bit)
 Heap Region Size: 1M
 Heap Min Capacity: 8M
 Heap Initial Capacity: 128M
 Heap Max Capacity: 2018M
 Pre-touch: Disabled
 Parallel Workers: 4
 Concurrent Workers: 1
 Concurrent Refinement Workers: 4
 Periodic GC: Disabled

Heap:
 garbage-first heap   total 131072K, used 18937K [0x0000000081e00000, 0x0000000100000000)
  region size 1024K, 9 young (9216K), 1 survivors (1024K)
 Metaspace       used 12832K, committed 13056K, reserved 1114112K
  class space    used 1422K, committed 1536K, reserved 1048576K

Heap Regions: E=young(eden), S=young(survivor), O=old, HS=humongous(starts), HC=humongous(continues), CS=collection set, F=free, OA=open archive, CA=closed archive, TAMS=top-at-mark-start (previous, next)
|   0|0x0000000081e00000, 0x0000000081f00000, 0x0000000081f00000|100%|HS|  |TAMS 0x0000000081e00000, 0x0000000081e00000| Complete 
|   1|0x0000000081f00000, 0x0000000082000000, 0x0000000082000000|100%|HS|  |TAMS 0x0000000081f00000, 0x0000000081f00000| Complete 
|   2|0x0000000082000000, 0x0000000082100000, 0x0000000082100000|100%|HC|  |TAMS 0x0000000082000000, 0x0000000082000000| Complete 
|   3|0x0000000082100000, 0x0000000082200000, 0x0000000082200000|100%| O|  |TAMS 0x0000000082100000, 0x0000000082100000| Untracked 
|   4|0x0000000082200000, 0x0000000082300000, 0x0000000082300000|100%| O|  |TAMS 0x0000000082200000, 0x0000000082200000| Untracked 
|   5|0x0000000082300000, 0x0000000082400000, 0x0000000082400000|100%| O|  |TAMS 0x0000000082300000, 0x0000000082300000| Untracked 
|   6|0x0000000082400000, 0x0000000082497800, 0x0000000082500000| 59%| O|  |TAMS 0x0000000082400000, 0x0000000082400000| Untracked 
|   7|0x0000000082500000, 0x0000000082600000, 0x0000000082600000|100%|HS|  |TAMS 0x0000000082500000, 0x0000000082500000| Complete 
|   8|0x0000000082600000, 0x0000000082700000, 0x0000000082700000|100%|HC|  |TAMS 0x0000000082600000, 0x0000000082600000| Complete 
|   9|0x0000000082700000, 0x0000000082800000, 0x0000000082800000|100%|HS|  |TAMS 0x0000000082700000, 0x0000000082700000| Complete 
|  10|0x0000000082800000, 0x0000000082900000, 0x0000000082900000|100%|HC|  |TAMS 0x0000000082800000, 0x0000000082800000| Complete 
|  11|0x0000000082900000, 0x0000000082900000, 0x0000000082a00000|  0%| F|  |TAMS 0x0000000082900000, 0x0000000082900000| Untracked 
|  12|0x0000000082a00000, 0x0000000082a00000, 0x0000000082b00000|  0%| F|  |TAMS 0x0000000082a00000, 0x0000000082a00000| Untracked 
|  13|0x0000000082b00000, 0x0000000082b00000, 0x0000000082c00000|  0%| F|  |TAMS 0x0000000082b00000, 0x0000000082b00000| Untracked 
|  14|0x0000000082c00000, 0x0000000082c00000, 0x0000000082d00000|  0%| F|  |TAMS 0x0000000082c00000, 0x0000000082c00000| Untracked 
|  15|0x0000000082d00000, 0x0000000082d00000, 0x0000000082e00000|  0%| F|  |TAMS 0x0000000082d00000, 0x0000000082d00000| Untracked 
|  16|0x0000000082e00000, 0x0000000082e00000, 0x0000000082f00000|  0%| F|  |TAMS 0x0000000082e00000, 0x0000000082e00000| Untracked 
|  17|0x0000000082f00000, 0x0000000082f00000, 0x0000000083000000|  0%| F|  |TAMS 0x0000000082f00000, 0x0000000082f00000| Untracked 
|  18|0x0000000083000000, 0x0000000083000000, 0x0000000083100000|  0%| F|  |TAMS 0x0000000083000000, 0x0000000083000000| Untracked 
|  19|0x0000000083100000, 0x0000000083100000, 0x0000000083200000|  0%| F|  |TAMS 0x0000000083100000, 0x0000000083100000| Untracked 
|  20|0x0000000083200000, 0x0000000083200000, 0x0000000083300000|  0%| F|  |TAMS 0x0000000083200000, 0x0000000083200000| Untracked 
|  21|0x0000000083300000, 0x0000000083300000, 0x0000000083400000|  0%| F|  |TAMS 0x0000000083300000, 0x0000000083300000| Untracked 
|  22|0x0000000083400000, 0x0000000083400000, 0x0000000083500000|  0%| F|  |TAMS 0x0000000083400000, 0x0000000083400000| Untracked 
|  23|0x0000000083500000, 0x0000000083500000, 0x0000000083600000|  0%| F|  |TAMS 0x0000000083500000, 0x0000000083500000| Untracked 
|  24|0x0000000083600000, 0x0000000083600000, 0x0000000083700000|  0%| F|  |TAMS 0x0000000083600000, 0x0000000083600000| Untracked 
|  25|0x0000000083700000, 0x0000000083700000, 0x0000000083800000|  0%| F|  |TAMS 0x0000000083700000, 0x0000000083700000| Untracked 
|  26|0x0000000083800000, 0x0000000083800000, 0x0000000083900000|  0%| F|  |TAMS 0x0000000083800000, 0x0000000083800000| Untracked 
|  27|0x0000000083900000, 0x0000000083900000, 0x0000000083a00000|  0%| F|  |TAMS 0x0000000083900000, 0x0000000083900000| Untracked 
|  28|0x0000000083a00000, 0x0000000083a00000, 0x0000000083b00000|  0%| F|  |TAMS 0x0000000083a00000, 0x0000000083a00000| Untracked 
|  29|0x0000000083b00000, 0x0000000083b00000, 0x0000000083c00000|  0%| F|  |TAMS 0x0000000083b00000, 0x0000000083b00000| Untracked 
|  30|0x0000000083c00000, 0x0000000083c00000, 0x0000000083d00000|  0%| F|  |TAMS 0x0000000083c00000, 0x0000000083c00000| Untracked 
|  31|0x0000000083d00000, 0x0000000083d00000, 0x0000000083e00000|  0%| F|  |TAMS 0x0000000083d00000, 0x0000000083d00000| Untracked 
|  32|0x0000000083e00000, 0x0000000083e00000, 0x0000000083f00000|  0%| F|  |TAMS 0x0000000083e00000, 0x0000000083e00000| Untracked 
|  33|0x0000000083f00000, 0x0000000083f00000, 0x0000000084000000|  0%| F|  |TAMS 0x0000000083f00000, 0x0000000083f00000| Untracked 
|  34|0x0000000084000000, 0x0000000084000000, 0x0000000084100000|  0%| F|  |TAMS 0x0000000084000000, 0x0000000084000000| Untracked 
|  35|0x0000000084100000, 0x0000000084100000, 0x0000000084200000|  0%| F|  |TAMS 0x0000000084100000, 0x0000000084100000| Untracked 
|  36|0x0000000084200000, 0x0000000084200000, 0x0000000084300000|  0%| F|  |TAMS 0x0000000084200000, 0x0000000084200000| Untracked 
|  37|0x0000000084300000, 0x0000000084300000, 0x0000000084400000|  0%| F|  |TAMS 0x0000000084300000, 0x0000000084300000| Untracked 
|  38|0x0000000084400000, 0x0000000084400000, 0x0000000084500000|  0%| F|  |TAMS 0x0000000084400000, 0x0000000084400000| Untracked 
|  39|0x0000000084500000, 0x0000000084500000, 0x0000000084600000|  0%| F|  |TAMS 0x0000000084500000, 0x0000000084500000| Untracked 
|  40|0x0000000084600000, 0x0000000084600000, 0x0000000084700000|  0%| F|  |TAMS 0x0000000084600000, 0x0000000084600000| Untracked 
|  41|0x0000000084700000, 0x0000000084700000, 0x0000000084800000|  0%| F|  |TAMS 0x0000000084700000, 0x0000000084700000| Untracked 
|  42|0x0000000084800000, 0x0000000084800000, 0x0000000084900000|  0%| F|  |TAMS 0x0000000084800000, 0x0000000084800000| Untracked 
|  43|0x0000000084900000, 0x0000000084900000, 0x0000000084a00000|  0%| F|  |TAMS 0x0000000084900000, 0x0000000084900000| Untracked 
|  44|0x0000000084a00000, 0x0000000084a00000, 0x0000000084b00000|  0%| F|  |TAMS 0x0000000084a00000, 0x0000000084a00000| Untracked 
|  45|0x0000000084b00000, 0x0000000084b00000, 0x0000000084c00000|  0%| F|  |TAMS 0x0000000084b00000, 0x0000000084b00000| Untracked 
|  46|0x0000000084c00000, 0x0000000084c00000, 0x0000000084d00000|  0%| F|  |TAMS 0x0000000084c00000, 0x0000000084c00000| Untracked 
|  47|0x0000000084d00000, 0x0000000084d00000, 0x0000000084e00000|  0%| F|  |TAMS 0x0000000084d00000, 0x0000000084d00000| Untracked 
|  48|0x0000000084e00000, 0x0000000084e00000, 0x0000000084f00000|  0%| F|  |TAMS 0x0000000084e00000, 0x0000000084e00000| Untracked 
|  49|0x0000000084f00000, 0x0000000084f00000, 0x0000000085000000|  0%| F|  |TAMS 0x0000000084f00000, 0x0000000084f00000| Untracked 
|  50|0x0000000085000000, 0x0000000085000000, 0x0000000085100000|  0%| F|  |TAMS 0x0000000085000000, 0x0000000085000000| Untracked 
|  51|0x0000000085100000, 0x0000000085100000, 0x0000000085200000|  0%| F|  |TAMS 0x0000000085100000, 0x0000000085100000| Untracked 
|  52|0x0000000085200000, 0x0000000085200000, 0x0000000085300000|  0%| F|  |TAMS 0x0000000085200000, 0x0000000085200000| Untracked 
|  53|0x0000000085300000, 0x0000000085300000, 0x0000000085400000|  0%| F|  |TAMS 0x0000000085300000, 0x0000000085300000| Untracked 
|  54|0x0000000085400000, 0x0000000085400000, 0x0000000085500000|  0%| F|  |TAMS 0x0000000085400000, 0x0000000085400000| Untracked 
|  55|0x0000000085500000, 0x0000000085500000, 0x0000000085600000|  0%| F|  |TAMS 0x0000000085500000, 0x0000000085500000| Untracked 
|  56|0x0000000085600000, 0x0000000085600000, 0x0000000085700000|  0%| F|  |TAMS 0x0000000085600000, 0x0000000085600000| Untracked 
|  57|0x0000000085700000, 0x0000000085700000, 0x0000000085800000|  0%| F|  |TAMS 0x0000000085700000, 0x0000000085700000| Untracked 
|  58|0x0000000085800000, 0x0000000085800000, 0x0000000085900000|  0%| F|  |TAMS 0x0000000085800000, 0x0000000085800000| Untracked 
|  59|0x0000000085900000, 0x0000000085900000, 0x0000000085a00000|  0%| F|  |TAMS 0x0000000085900000, 0x0000000085900000| Untracked 
|  60|0x0000000085a00000, 0x0000000085a00000, 0x0000000085b00000|  0%| F|  |TAMS 0x0000000085a00000, 0x0000000085a00000| Untracked 
|  61|0x0000000085b00000, 0x0000000085b00000, 0x0000000085c00000|  0%| F|  |TAMS 0x0000000085b00000, 0x0000000085b00000| Untracked 
|  62|0x0000000085c00000, 0x0000000085c00000, 0x0000000085d00000|  0%| F|  |TAMS 0x0000000085c00000, 0x0000000085c00000| Untracked 
|  63|0x0000000085d00000, 0x0000000085d00000, 0x0000000085e00000|  0%| F|  |TAMS 0x0000000085d00000, 0x0000000085d00000| Untracked 
|  64|0x0000000085e00000, 0x0000000085e00000, 0x0000000085f00000|  0%| F|  |TAMS 0x0000000085e00000, 0x0000000085e00000| Untracked 
|  65|0x0000000085f00000, 0x0000000085f00000, 0x0000000086000000|  0%| F|  |TAMS 0x0000000085f00000, 0x0000000085f00000| Untracked 
|  66|0x0000000086000000, 0x0000000086000000, 0x0000000086100000|  0%| F|  |TAMS 0x0000000086000000, 0x0000000086000000| Untracked 
|  67|0x0000000086100000, 0x0000000086100000, 0x0000000086200000|  0%| F|  |TAMS 0x0000000086100000, 0x0000000086100000| Untracked 
|  68|0x0000000086200000, 0x0000000086200000, 0x0000000086300000|  0%| F|  |TAMS 0x0000000086200000, 0x0000000086200000| Untracked 
|  69|0x0000000086300000, 0x0000000086300000, 0x0000000086400000|  0%| F|  |TAMS 0x0000000086300000, 0x0000000086300000| Untracked 
|  70|0x0000000086400000, 0x0000000086400000, 0x0000000086500000|  0%| F|  |TAMS 0x0000000086400000, 0x0000000086400000| Untracked 
|  71|0x0000000086500000, 0x0000000086500000, 0x0000000086600000|  0%| F|  |TAMS 0x0000000086500000, 0x0000000086500000| Untracked 
|  72|0x0000000086600000, 0x0000000086600000, 0x0000000086700000|  0%| F|  |TAMS 0x0000000086600000, 0x0000000086600000| Untracked 
|  73|0x0000000086700000, 0x0000000086700000, 0x0000000086800000|  0%| F|  |TAMS 0x0000000086700000, 0x0000000086700000| Untracked 
|  74|0x0000000086800000, 0x0000000086800000, 0x0000000086900000|  0%| F|  |TAMS 0x0000000086800000, 0x0000000086800000| Untracked 
|  75|0x0000000086900000, 0x0000000086900000, 0x0000000086a00000|  0%| F|  |TAMS 0x0000000086900000, 0x0000000086900000| Untracked 
|  76|0x0000000086a00000, 0x0000000086a00000, 0x0000000086b00000|  0%| F|  |TAMS 0x0000000086a00000, 0x0000000086a00000| Untracked 
|  77|0x0000000086b00000, 0x0000000086b00000, 0x0000000086c00000|  0%| F|  |TAMS 0x0000000086b00000, 0x0000000086b00000| Untracked 
|  78|0x0000000086c00000, 0x0000000086c00000, 0x0000000086d00000|  0%| F|  |TAMS 0x0000000086c00000, 0x0000000086c00000| Untracked 
|  79|0x0000000086d00000, 0x0000000086d00000, 0x0000000086e00000|  0%| F|  |TAMS 0x0000000086d00000, 0x0000000086d00000| Untracked 
|  80|0x0000000086e00000, 0x0000000086e00000, 0x0000000086f00000|  0%| F|  |TAMS 0x0000000086e00000, 0x0000000086e00000| Untracked 
|  81|0x0000000086f00000, 0x0000000086f00000, 0x0000000087000000|  0%| F|  |TAMS 0x0000000086f00000, 0x0000000086f00000| Untracked 
|  82|0x0000000087000000, 0x0000000087000000, 0x0000000087100000|  0%| F|  |TAMS 0x0000000087000000, 0x0000000087000000| Untracked 
|  83|0x0000000087100000, 0x0000000087100000, 0x0000000087200000|  0%| F|  |TAMS 0x0000000087100000, 0x0000000087100000| Untracked 
|  84|0x0000000087200000, 0x0000000087200000, 0x0000000087300000|  0%| F|  |TAMS 0x0000000087200000, 0x0000000087200000| Untracked 
|  85|0x0000000087300000, 0x0000000087300000, 0x0000000087400000|  0%| F|  |TAMS 0x0000000087300000, 0x0000000087300000| Untracked 
|  86|0x0000000087400000, 0x0000000087400000, 0x0000000087500000|  0%| F|  |TAMS 0x0000000087400000, 0x0000000087400000| Untracked 
|  87|0x0000000087500000, 0x0000000087500000, 0x0000000087600000|  0%| F|  |TAMS 0x0000000087500000, 0x0000000087500000| Untracked 
|  88|0x0000000087600000, 0x0000000087600000, 0x0000000087700000|  0%| F|  |TAMS 0x0000000087600000, 0x0000000087600000| Untracked 
|  89|0x0000000087700000, 0x0000000087700000, 0x0000000087800000|  0%| F|  |TAMS 0x0000000087700000, 0x0000000087700000| Untracked 
|  90|0x0000000087800000, 0x0000000087800000, 0x0000000087900000|  0%| F|  |TAMS 0x0000000087800000, 0x0000000087800000| Untracked 
|  91|0x0000000087900000, 0x0000000087900000, 0x0000000087a00000|  0%| F|  |TAMS 0x0000000087900000, 0x0000000087900000| Untracked 
|  92|0x0000000087a00000, 0x0000000087a00000, 0x0000000087b00000|  0%| F|  |TAMS 0x0000000087a00000, 0x0000000087a00000| Untracked 
|  93|0x0000000087b00000, 0x0000000087b00000, 0x0000000087c00000|  0%| F|  |TAMS 0x0000000087b00000, 0x0000000087b00000| Untracked 
|  94|0x0000000087c00000, 0x0000000087c00000, 0x0000000087d00000|  0%| F|  |TAMS 0x0000000087c00000, 0x0000000087c00000| Untracked 
|  95|0x0000000087d00000, 0x0000000087d00000, 0x0000000087e00000|  0%| F|  |TAMS 0x0000000087d00000, 0x0000000087d00000| Untracked 
|  96|0x0000000087e00000, 0x0000000087e00000, 0x0000000087f00000|  0%| F|  |TAMS 0x0000000087e00000, 0x0000000087e00000| Untracked 
|  97|0x0000000087f00000, 0x0000000087f00000, 0x0000000088000000|  0%| F|  |TAMS 0x0000000087f00000, 0x0000000087f00000| Untracked 
|  98|0x0000000088000000, 0x0000000088000000, 0x0000000088100000|  0%| F|  |TAMS 0x0000000088000000, 0x0000000088000000| Untracked 
|  99|0x0000000088100000, 0x0000000088100000, 0x0000000088200000|  0%| F|  |TAMS 0x0000000088100000, 0x0000000088100000| Untracked 
| 100|0x0000000088200000, 0x0000000088200000, 0x0000000088300000|  0%| F|  |TAMS 0x0000000088200000, 0x0000000088200000| Untracked 
| 101|0x0000000088300000, 0x0000000088300000, 0x0000000088400000|  0%| F|  |TAMS 0x0000000088300000, 0x0000000088300000| Untracked 
| 102|0x0000000088400000, 0x0000000088400000, 0x0000000088500000|  0%| F|  |TAMS 0x0000000088400000, 0x0000000088400000| Untracked 
| 103|0x0000000088500000, 0x0000000088500000, 0x0000000088600000|  0%| F|  |TAMS 0x0000000088500000, 0x0000000088500000| Untracked 
| 104|0x0000000088600000, 0x0000000088600000, 0x0000000088700000|  0%| F|  |TAMS 0x0000000088600000, 0x0000000088600000| Untracked 
| 105|0x0000000088700000, 0x0000000088700000, 0x0000000088800000|  0%| F|  |TAMS 0x0000000088700000, 0x0000000088700000| Untracked 
| 106|0x0000000088800000, 0x0000000088800000, 0x0000000088900000|  0%| F|  |TAMS 0x0000000088800000, 0x0000000088800000| Untracked 
| 107|0x0000000088900000, 0x0000000088900000, 0x0000000088a00000|  0%| F|  |TAMS 0x0000000088900000, 0x0000000088900000| Untracked 
| 108|0x0000000088a00000, 0x0000000088a00000, 0x0000000088b00000|  0%| F|  |TAMS 0x0000000088a00000, 0x0000000088a00000| Untracked 
| 109|0x0000000088b00000, 0x0000000088b00000, 0x0000000088c00000|  0%| F|  |TAMS 0x0000000088b00000, 0x0000000088b00000| Untracked 
| 110|0x0000000088c00000, 0x0000000088c00000, 0x0000000088d00000|  0%| F|  |TAMS 0x0000000088c00000, 0x0000000088c00000| Untracked 
| 111|0x0000000088d00000, 0x0000000088d00000, 0x0000000088e00000|  0%| F|  |TAMS 0x0000000088d00000, 0x0000000088d00000| Untracked 
| 112|0x0000000088e00000, 0x0000000088e00000, 0x0000000088f00000|  0%| F|  |TAMS 0x0000000088e00000, 0x0000000088e00000| Untracked 
| 113|0x0000000088f00000, 0x0000000088f00000, 0x0000000089000000|  0%| F|  |TAMS 0x0000000088f00000, 0x0000000088f00000| Untracked 
| 114|0x0000000089000000, 0x0000000089000000, 0x0000000089100000|  0%| F|  |TAMS 0x0000000089000000, 0x0000000089000000| Untracked 
| 115|0x0000000089100000, 0x0000000089100000, 0x0000000089200000|  0%| F|  |TAMS 0x0000000089100000, 0x0000000089100000| Untracked 
| 116|0x0000000089200000, 0x0000000089200000, 0x0000000089300000|  0%| F|  |TAMS 0x0000000089200000, 0x0000000089200000| Untracked 
| 117|0x0000000089300000, 0x0000000089300000, 0x0000000089400000|  0%| F|  |TAMS 0x0000000089300000, 0x0000000089300000| Untracked 
| 118|0x0000000089400000, 0x0000000089400000, 0x0000000089500000|  0%| F|  |TAMS 0x0000000089400000, 0x0000000089400000| Untracked 
| 119|0x0000000089500000, 0x00000000895e6e28, 0x0000000089600000| 90%| S|CS|TAMS 0x0000000089500000, 0x0000000089500000| Complete 
| 120|0x0000000089600000, 0x0000000089700000, 0x0000000089700000|100%| E|  |TAMS 0x0000000089600000, 0x0000000089600000| Complete 
| 121|0x0000000089700000, 0x0000000089800000, 0x0000000089800000|100%| E|CS|TAMS 0x0000000089700000, 0x0000000089700000| Complete 
| 122|0x0000000089800000, 0x0000000089900000, 0x0000000089900000|100%| E|CS|TAMS 0x0000000089800000, 0x0000000089800000| Complete 
| 123|0x0000000089900000, 0x0000000089a00000, 0x0000000089a00000|100%| E|CS|TAMS 0x0000000089900000, 0x0000000089900000| Complete 
| 124|0x0000000089a00000, 0x0000000089b00000, 0x0000000089b00000|100%| E|CS|TAMS 0x0000000089a00000, 0x0000000089a00000| Complete 
| 125|0x0000000089b00000, 0x0000000089c00000, 0x0000000089c00000|100%| E|CS|TAMS 0x0000000089b00000, 0x0000000089b00000| Complete 
| 126|0x0000000089c00000, 0x0000000089d00000, 0x0000000089d00000|100%| E|CS|TAMS 0x0000000089c00000, 0x0000000089c00000| Complete 
| 127|0x0000000089d00000, 0x0000000089e00000, 0x0000000089e00000|100%| E|CS|TAMS 0x0000000089d00000, 0x0000000089d00000| Complete 

Card table byte_map: [0x0000026538580000,0x0000026538980000] _byte_map_base: 0x0000026538171000

Marking Bits (Prev, Next): (CMBitMap*) 0x000002652189ce90, (CMBitMap*) 0x000002652189ced0
 Prev Bits: [0x0000026538d80000, 0x000002653ad08000)
 Next Bits: [0x000002653ad10000, 0x000002653cc98000)

Polling page: 0x000002651f830000

Metaspace:

Usage:
  Non-class:     11.14 MB used.
      Class:      1.39 MB used.
       Both:     12.53 MB used.

Virtual space:
  Non-class space:       64.00 MB reserved,      11.25 MB ( 18%) committed,  1 nodes.
      Class space:        1.00 GB reserved,       1.50 MB ( <1%) committed,  1 nodes.
             Both:        1.06 GB reserved,      12.75 MB (  1%) committed. 

Chunk freelists:
   Non-Class:  510.00 KB
       Class:  2.52 MB
        Both:  3.02 MB

MaxMetaspaceSize: unlimited
CompressedClassSpaceSize: 1.00 GB
Initial GC threshold: 21.00 MB
Current GC threshold: 21.00 MB
CDS: on
MetaspaceReclaimPolicy: balanced
 - commit_granule_bytes: 65536.
 - commit_granule_words: 8192.
 - virtual_space_node_default_size: 8388608.
 - enlarge_chunks_in_place: 1.
 - new_chunks_are_fully_committed: 0.
 - uncommit_free_chunks: 1.
 - use_allocation_guard: 0.


Internal statistics:

num_allocs_failed_limit: 0.
num_arena_births: 152.
num_arena_deaths: 0.
num_vsnodes_births: 2.
num_vsnodes_deaths: 0.
num_space_committed: 204.
num_space_uncommitted: 0.
num_chunks_returned_to_freelist: 0.
num_chunks_taken_from_freelist: 224.
num_chunk_merges: 0.
num_chunk_splits: 120.
num_chunks_enlarged: 43.
num_inconsistent_stats: 0.

CodeHeap 'non-profiled nmethods': size=120000Kb used=1010Kb max_used=1010Kb free=118989Kb
 bounds [0x0000026530c50000, 0x0000026530ec0000, 0x0000026538180000]
CodeHeap 'profiled nmethods': size=120000Kb used=4937Kb max_used=4937Kb free=115062Kb
 bounds [0x0000026529720000, 0x0000026529c00000, 0x0000026530c50000]
CodeHeap 'non-nmethods': size=5760Kb used=1348Kb max_used=1388Kb free=4412Kb
 bounds [0x0000026529180000, 0x00000265293f0000, 0x0000026529720000]
 total_blobs=3175 nmethods=2498 adapters=587
 compilation: enabled
              stopped_count=0, restarted_count=0
 full_count=0

Compilation events (20 events):
Event: 964.240 Thread 0x000002653f14a720 2492       3       sun.java2d.Disposer::addRecord (17 bytes)
Event: 964.240 Thread 0x000002653f14a720 nmethod 2492 0x0000026529bebb10 code [0x0000026529bebcc0, 0x0000026529bebf48]
Event: 964.240 Thread 0x000002653f14a720 2493       3       sun.java2d.DefaultDisposerRecord::<init> (15 bytes)
Event: 964.241 Thread 0x000002653f14a720 nmethod 2493 0x0000026529bec090 code [0x0000026529bec220, 0x0000026529bec398]
Event: 964.241 Thread 0x000002653f14a720 2494   !   3       java.awt.Container::mixOnShowing (95 bytes)
Event: 964.244 Thread 0x000002653f14a720 nmethod 2494 0x0000026529bec490 code [0x0000026529bec860, 0x0000026529bee3c8]
Event: 964.244 Thread 0x000002653f14a720 2495       3       java.awt.image.DirectColorModel::getGreenMask (7 bytes)
Event: 964.244 Thread 0x000002653f14a720 nmethod 2495 0x0000026529beee90 code [0x0000026529bef020, 0x0000026529bef158]
Event: 964.244 Thread 0x000002653f14a720 2496       3       java.awt.image.DirectColorModel::getBlueMask (7 bytes)
Event: 964.244 Thread 0x000002653f14a720 nmethod 2496 0x0000026529bef210 code [0x0000026529bef3a0, 0x0000026529bef4d8]
Event: 964.244 Thread 0x000002653f14a720 2497       3       sun.java2d.SurfaceData::<init> (36 bytes)
Event: 964.244 Thread 0x000002653f14a720 nmethod 2497 0x0000026529bef590 code [0x0000026529bef740, 0x0000026529befad8]
Event: 964.756 Thread 0x000002653f147ce0 2498       4       sun.java2d.marlin.Helpers::outcode (70 bytes)
Event: 964.757 Thread 0x000002653f14a720 2499       3       java.awt.Component::notifyNewBounds (129 bytes)
Event: 964.758 Thread 0x000002653f147ce0 nmethod 2498 0x0000026530d4c610 code [0x0000026530d4c780, 0x0000026530d4c8d8]
Event: 964.759 Thread 0x000002653f14a720 nmethod 2499 0x0000026529befc10 code [0x0000026529beffc0, 0x0000026529bf1a68]
Event: 964.759 Thread 0x000002653f14a720 2500       3       javax.swing.plaf.synth.SynthLookAndFeel::resetSelectedUI (11 bytes)
Event: 964.760 Thread 0x000002653f14a720 nmethod 2500 0x0000026529bf2210 code [0x0000026529bf23c0, 0x0000026529bf2518]
Event: 964.760 Thread 0x000002653f14a720 2501   !   3       java.awt.Container::mixOnReshaping (149 bytes)
Event: 964.760 Thread 0x000002653f147ce0 2502  s    4       sun.java2d.loops.RenderCache::get (100 bytes)

GC Heap History (4 events):
Event: 6.686 GC heap before
{Heap before GC invocations=0 (full 0):
 garbage-first heap   total 131072K, used 16384K [0x0000000081e00000, 0x0000000100000000)
  region size 1024K, 13 young (13312K), 0 survivors (0K)
 Metaspace       used 10526K, committed 10752K, reserved 1114112K
  class space    used 1177K, committed 1280K, reserved 1048576K
}
Event: 6.705 GC heap after
{Heap after GC invocations=1 (full 0):
 garbage-first heap   total 131072K, used 6637K [0x0000000081e00000, 0x0000000100000000)
  region size 1024K, 2 young (2048K), 2 survivors (2048K)
 Metaspace       used 10526K, committed 10752K, reserved 1114112K
  class space    used 1177K, committed 1280K, reserved 1048576K
}
Event: 16.282 GC heap before
{Heap before GC invocations=1 (full 0):
 garbage-first heap   total 131072K, used 14829K [0x0000000081e00000, 0x0000000100000000)
  region size 1024K, 10 young (10240K), 2 survivors (2048K)
 Metaspace       used 12436K, committed 12672K, reserved 1114112K
  class space    used 1395K, committed 1472K, reserved 1048576K
}
Event: 16.290 GC heap after
{Heap after GC invocations=2 (full 0):
 garbage-first heap   total 131072K, used 7673K [0x0000000081e00000, 0x0000000100000000)
  region size 1024K, 1 young (1024K), 1 survivors (1024K)
 Metaspace       used 12436K, committed 12672K, reserved 1114112K
  class space    used 1395K, committed 1472K, reserved 1048576K
}

Deoptimization events (20 events):
Event: 22.018 Thread 0x0000026543703610 DEOPT PACKING pc=0x0000026529b05ca0 sp=0x000000db517fd5c0
Event: 22.018 Thread 0x0000026543703610 DEOPT UNPACKING pc=0x00000265291d2b43 sp=0x000000db517fc988 mode 0
Event: 24.744 Thread 0x0000026543703610 Uncommon trap: trap_request=0xffffffde fr.pc=0x0000026530d24f18 relative=0x00000000000065b8
Event: 24.744 Thread 0x0000026543703610 Uncommon trap: reason=class_check action=maybe_recompile pc=0x0000026530d24f18 method=java.awt.EventQueue.coalesceEvent(Ljava/awt/AWTEvent;I)Z @ 77 c2
Event: 24.744 Thread 0x0000026543703610 DEOPT PACKING pc=0x0000026530d24f18 sp=0x000000db517ff240
Event: 24.745 Thread 0x0000026543703610 DEOPT UNPACKING pc=0x00000265291d23a3 sp=0x000000db517ff0a0 mode 2
Event: 24.816 Thread 0x0000026543703610 Uncommon trap: trap_request=0xffffffde fr.pc=0x0000026530d24f18 relative=0x00000000000065b8
Event: 24.816 Thread 0x0000026543703610 Uncommon trap: reason=class_check action=maybe_recompile pc=0x0000026530d24f18 method=java.awt.EventQueue.coalesceEvent(Ljava/awt/AWTEvent;I)Z @ 77 c2
Event: 24.816 Thread 0x0000026543703610 DEOPT PACKING pc=0x0000026530d24f18 sp=0x000000db517ff240
Event: 24.816 Thread 0x0000026543703610 DEOPT UNPACKING pc=0x00000265291d23a3 sp=0x000000db517ff0a0 mode 2
Event: 24.886 Thread 0x0000026543703610 Uncommon trap: trap_request=0xffffffde fr.pc=0x0000026530d24f18 relative=0x00000000000065b8
Event: 24.886 Thread 0x0000026543703610 Uncommon trap: reason=class_check action=maybe_recompile pc=0x0000026530d24f18 method=java.awt.EventQueue.coalesceEvent(Ljava/awt/AWTEvent;I)Z @ 77 c2
Event: 24.886 Thread 0x0000026543703610 DEOPT PACKING pc=0x0000026530d24f18 sp=0x000000db517ff240
Event: 24.886 Thread 0x0000026543703610 DEOPT UNPACKING pc=0x00000265291d23a3 sp=0x000000db517ff0a0 mode 2
Event: 34.588 Thread 0x0000026543703610 DEOPT PACKING pc=0x0000026529b2617a sp=0x000000db517fd390
Event: 34.588 Thread 0x0000026543703610 DEOPT UNPACKING pc=0x00000265291d2b43 sp=0x000000db517fc788 mode 0
Event: 34.845 Thread 0x0000026543703610 DEOPT PACKING pc=0x0000026529918801 sp=0x000000db517fd710
Event: 34.845 Thread 0x0000026543703610 DEOPT UNPACKING pc=0x00000265291d2b43 sp=0x000000db517fcbf0 mode 0
Event: 40.988 Thread 0x0000026543703610 DEOPT PACKING pc=0x0000026529b2619b sp=0x000000db517fd5e0
Event: 40.988 Thread 0x0000026543703610 DEOPT UNPACKING pc=0x00000265291d2b43 sp=0x000000db517fc9e0 mode 0

Classes loaded (20 events):
Event: 24.061 Loading class javax/swing/plaf/basic/BasicPopupMenuUI$MouseGrabber$2
Event: 24.061 Loading class javax/swing/plaf/basic/BasicPopupMenuUI$MouseGrabber$2 done
Event: 24.067 Loading class java/awt/Event
Event: 24.067 Loading class java/awt/Event done
Event: 31.224 Loading class javax/swing/text/GapContent$RemoveUndo
Event: 31.224 Loading class javax/swing/text/GapContent$RemoveUndo done
Event: 31.224 Loading class javax/swing/text/GapContent$UndoPosRef
Event: 31.224 Loading class javax/swing/text/GapContent$UndoPosRef done
Event: 35.439 Loading class javax/swing/text/DefaultStyledDocument$ElementSpec
Event: 35.439 Loading class javax/swing/text/DefaultStyledDocument$ElementSpec done
Event: 35.439 Loading class javax/swing/text/DefaultStyledDocument$ElementBuffer$ElemChanges
Event: 35.440 Loading class javax/swing/text/DefaultStyledDocument$ElementBuffer$ElemChanges done
Event: 40.953 Loading class java/security/DomainCombiner
Event: 40.954 Loading class java/security/DomainCombiner done
Event: 963.992 Loading class java/util/WeakHashMap$KeyIterator
Event: 963.992 Loading class java/util/WeakHashMap$HashIterator
Event: 963.992 Loading class java/util/WeakHashMap$HashIterator done
Event: 963.992 Loading class java/util/WeakHashMap$KeyIterator done
Event: 963.993 Loading class javax/swing/RepaintManager$DisplayChangedRunnable
Event: 963.994 Loading class javax/swing/RepaintManager$DisplayChangedRunnable done

Classes unloaded (0 events):
No events

Classes redefined (0 events):
No events

Internal exceptions (20 events):
Event: 0.382 Thread 0x000002652183dd90 Exception <a 'java/lang/ClassNotFoundException'{0x0000000089988530}: TreeCell> (0x0000000089988530) 
thrown [s\open\src\hotspot\share\classfile\systemDictionary.cpp, line 255]
Event: 0.382 Thread 0x000002652183dd90 Exception <a 'java/lang/ClassNotFoundException'{0x0000000089988ce0}: RootPane> (0x0000000089988ce0) 
thrown [s\open\src\hotspot\share\classfile\systemDictionary.cpp, line 255]
Event: 0.383 Thread 0x000002652183dd90 Exception <a 'java/lang/ClassNotFoundException'{0x000000008998bae8}: com/sun/swing/internal/plaf/metal/resources/spi/metalProvider> (0x000000008998bae8) 
thrown [s\open\src\hotspot\share\classfile\systemDictionary.cpp, line 255]
Event: 0.384 Thread 0x000002652183dd90 Exception <a 'java/lang/ClassNotFoundException'{0x000000008998f8c8}: com/sun/swing/internal/plaf/basic/resources/spi/basicProvider> (0x000000008998f8c8) 
thrown [s\open\src\hotspot\share\classfile\systemDictionary.cpp, line 255]
Event: 0.411 Thread 0x0000026543703610 Exception <a 'java/lang/ClassNotFoundException'{0x0000000089857a78}: com/sun/swing/internal/plaf/synth/resources/spi/synthProvider> (0x0000000089857a78) 
thrown [s\open\src\hotspot\share\classfile\systemDictionary.cpp, line 255]
Event: 0.433 Thread 0x0000026543703610 Exception <a 'java/lang/NoSuchMethodError'{0x000000008989bc68}: 'int java.lang.invoke.Invokers$Holder.invokeExact_MT(java.lang.Object, java.lang.Object)'> (0x000000008989bc68) 
thrown [s\open\src\hotspot\share\interpreter\linkResolver.cpp, line 766]
Event: 0.446 Thread 0x0000026543703610 Exception <a 'java/lang/NoSuchMethodError'{0x00000000898aa9a0}: 'java.lang.Object java.lang.invoke.DirectMethodHandle$Holder.newInvokeSpecial(java.lang.Object, java.lang.Object, int)'> (0x00000000898aa9a0) 
thrown [s\open\src\hotspot\share\interpreter\linkResolver.cpp, line 766]
Event: 0.447 Thread 0x0000026543703610 Exception <a 'java/lang/NoSuchMethodError'{0x00000000898afbd8}: 'int java.lang.invoke.DirectMethodHandle$Holder.invokeSpecial(java.lang.Object, java.lang.Object, java.lang.Object, int)'> (0x00000000898afbd8) 
thrown [s\open\src\hotspot\share\interpreter\linkResolver.cpp, line 766]
Event: 0.449 Thread 0x0000026543703610 Exception <a 'java/lang/NoSuchMethodError'{0x00000000898c25d0}: 'java.lang.Object java.lang.invoke.DirectMethodHandle$Holder.invokeStatic(java.lang.Object, java.lang.Object, java.lang.Object, java.lang.Object, int)'> (0x00000000898c25d0) 
thrown [s\open\src\hotspot\share\interpreter\linkResolver.cpp, line 766]
Event: 0.451 Thread 0x0000026543703610 Exception <a 'java/lang/NoSuchMethodError'{0x00000000898ce958}: 'int java.lang.invoke.DirectMethodHandle$Holder.invokeSpecial(java.lang.Object, java.lang.Object, java.lang.Object)'> (0x00000000898ce958) 
thrown [s\open\src\hotspot\share\interpreter\linkResolver.cpp, line 766]
Event: 0.553 Thread 0x0000026543d6ca60 Exception <a 'java/lang/NoSuchMethodError'{0x00000000896bde70}: 'java.lang.Object java.lang.invoke.DirectMethodHandle$Holder.newInvokeSpecial(java.lang.Object, java.lang.Object, java.lang.Object, int, int, int, int, int)'> (0x00000000896bde70) 
thrown [s\open\src\hotspot\share\interpreter\linkResolver.cpp, line 766]
Event: 0.580 Thread 0x00000265436b13f0 Exception <a 'java/lang/NoSuchMethodError'{0x0000000089bd7a80}: 'void java.lang.invoke.DirectMethodHandle$Holder.invokeVirtual(java.lang.Object, java.lang.Object)'> (0x0000000089bd7a80) 
thrown [s\open\src\hotspot\share\interpreter\linkResolver.cpp, line 766]
Event: 0.598 Thread 0x0000026543703610 Exception <a 'java/lang/NoSuchMethodError'{0x0000000089741f38}: 'void java.lang.invoke.DirectMethodHandle$Holder.invokeStaticInit(java.lang.Object)'> (0x0000000089741f38) 
thrown [s\open\src\hotspot\share\interpreter\linkResolver.cpp, line 766]
Event: 9.009 Thread 0x0000026543703610 Exception <a 'java/lang/NoSuchMethodError'{0x0000000089b77dc0}: 'void java.lang.invoke.DirectMethodHandle$Holder.invokeStatic(java.lang.Object, java.lang.Object)'> (0x0000000089b77dc0) 
thrown [s\open\src\hotspot\share\interpreter\linkResolver.cpp, line 766]
Event: 9.034 Thread 0x0000026543703610 Exception <a 'java/lang/NoSuchMethodError'{0x0000000089b8cf40}: 'int java.lang.invoke.DirectMethodHandle$Holder.invokeStatic(java.lang.Object)'> (0x0000000089b8cf40) 
thrown [s\open\src\hotspot\share\interpreter\linkResolver.cpp, line 766]
Event: 10.077 Thread 0x0000026543703610 Implicit null exception at 0x0000026530cc5450 to 0x0000026530cc5935
Event: 10.078 Thread 0x0000026543703610 Implicit null exception at 0x0000026530cc2bae to 0x0000026530cc32f3
Event: 10.078 Thread 0x0000026543703610 Implicit null exception at 0x0000026530cc5450 to 0x0000026530cc5935
Event: 10.078 Thread 0x0000026543703610 Implicit null exception at 0x0000026530cc2bae to 0x0000026530cc32f3
Event: 10.079 Thread 0x0000026543703610 Implicit null exception at 0x0000026530cc5450 to 0x0000026530cc5935

VM Operations (20 events):
Event: 36.417 Executing VM operation: Cleanup
Event: 36.417 Executing VM operation: Cleanup done
Event: 37.425 Executing VM operation: Cleanup
Event: 37.425 Executing VM operation: Cleanup done
Event: 38.434 Executing VM operation: Cleanup
Event: 38.434 Executing VM operation: Cleanup done
Event: 39.439 Executing VM operation: Cleanup
Event: 39.439 Executing VM operation: Cleanup done
Event: 41.453 Executing VM operation: Cleanup
Event: 41.453 Executing VM operation: Cleanup done
Event: 42.459 Executing VM operation: Cleanup
Event: 42.459 Executing VM operation: Cleanup done
Event: 44.469 Executing VM operation: Cleanup
Event: 44.469 Executing VM operation: Cleanup done
Event: 45.472 Executing VM operation: Cleanup
Event: 45.473 Executing VM operation: Cleanup done
Event: 46.482 Executing VM operation: Cleanup
Event: 46.482 Executing VM operation: Cleanup done
Event: 964.391 Executing VM operation: Cleanup
Event: 964.391 Executing VM operation: Cleanup done

Events (20 events):
Event: 0.037 Thread 0x000002653f1547f0 Thread added: 0x000002653f1547f0
Event: 0.069 Thread 0x0000026521907f60 Thread added: 0x0000026521907f60
Event: 0.087 Loaded shared library C:\Program Files\Java\jdk-18.0.1\bin\net.dll
Event: 0.089 Loaded shared library C:\Program Files\Java\jdk-18.0.1\bin\nio.dll
Event: 0.115 Thread 0x0000026543527f90 Thread added: 0x0000026543527f90
Event: 0.121 Loaded shared library C:\Program Files\Java\jdk-18.0.1\bin\zip.dll
Event: 0.142 Loaded shared library C:\Program Files\Java\jdk-18.0.1\bin\jimage.dll
Event: 0.164 Loaded shared library C:\Program Files\Java\jdk-18.0.1\bin\awt.dll
Event: 0.235 Thread 0x00000265436b0a70 Thread added: 0x00000265436b0a70
Event: 0.237 Thread 0x00000265436b0f30 Thread added: 0x00000265436b0f30
Event: 0.238 Thread 0x00000265436b13f0 Thread added: 0x00000265436b13f0
Event: 0.333 Loaded shared library C:\Program Files\Java\jdk-18.0.1\bin\freetype.dll
Event: 0.334 Loaded shared library C:\Program Files\Java\jdk-18.0.1\bin\fontmanager.dll
Event: 0.399 Thread 0x0000026543703610 Thread added: 0x0000026543703610
Event: 0.399 Thread 0x000002652183dd90 Thread exited: 0x000002652183dd90
Event: 0.399 Thread 0x000002652183dd90 Thread added: 0x000002652183dd90
Event: 0.487 Thread 0x0000026543d6ca60 Thread added: 0x0000026543d6ca60
Event: 0.550 Loaded shared library C:\Program Files\Java\jdk-18.0.1\bin\javajpeg.dll
Event: 0.783 Thread 0x0000026544204c30 Thread added: 0x0000026544204c30
Event: 5.580 Thread 0x0000026543d6ca60 Thread exited: 0x0000026543d6ca60


Dynamic libraries:
0x00007ff6f7d30000 - 0x00007ff6f7d40000 	C:\Program Files\Java\jdk-18.0.1\bin\java.exe
0x00007ffe8d590000 - 0x00007ffe8d785000 	C:\WINDOWS\SYSTEM32\ntdll.dll
0x00007ffe8bef0000 - 0x00007ffe8bfad000 	C:\WINDOWS\System32\KERNEL32.DLL
0x00007ffe8aca0000 - 0x00007ffe8af6d000 	C:\WINDOWS\System32\KERNELBASE.dll
0x00007ffe8af70000 - 0x00007ffe8b070000 	C:\WINDOWS\System32\ucrtbase.dll
0x00007ffe7b900000 - 0x00007ffe7b91a000 	C:\Program Files\Java\jdk-18.0.1\bin\VCRUNTIME140.dll
0x00007ffe84c30000 - 0x00007ffe84c48000 	C:\Program Files\Java\jdk-18.0.1\bin\jli.dll
0x00007ffe8ca70000 - 0x00007ffe8cb1e000 	C:\WINDOWS\System32\ADVAPI32.dll
0x00007ffe8b8f0000 - 0x00007ffe8b98e000 	C:\WINDOWS\System32\msvcrt.dll
0x00007ffe8d4b0000 - 0x00007ffe8d54c000 	C:\WINDOWS\System32\sechost.dll
0x00007ffe8b5e0000 - 0x00007ffe8b705000 	C:\WINDOWS\System32\RPCRT4.dll
0x00007ffe8b750000 - 0x00007ffe8b8f0000 	C:\WINDOWS\System32\USER32.dll
0x00007ffe8b4a0000 - 0x00007ffe8b4c2000 	C:\WINDOWS\System32\win32u.dll
0x00007ffe7b2b0000 - 0x00007ffe7b54a000 	C:\WINDOWS\WinSxS\amd64_microsoft.windows.common-controls_6595b64144ccf1df_6.0.19041.1110_none_60b5254171f9507e\COMCTL32.dll
0x00007ffe8ba60000 - 0x00007ffe8ba8a000 	C:\WINDOWS\System32\GDI32.dll
0x00007ffe8b0f0000 - 0x00007ffe8b1fb000 	C:\WINDOWS\System32\gdi32full.dll
0x00007ffe8b4d0000 - 0x00007ffe8b56d000 	C:\WINDOWS\System32\msvcp_win.dll
0x00007ffe7c6b0000 - 0x00007ffe7c6ba000 	C:\WINDOWS\SYSTEM32\VERSION.dll
0x00007ffe8b710000 - 0x00007ffe8b740000 	C:\WINDOWS\System32\IMM32.DLL
0x00007ffe85c20000 - 0x00007ffe85c2c000 	C:\Program Files\Java\jdk-18.0.1\bin\vcruntime140_1.dll
0x00007ffe44ba0000 - 0x00007ffe44c2d000 	C:\Program Files\Java\jdk-18.0.1\bin\msvcp140.dll
0x00007ffe2dbe0000 - 0x00007ffe2e7f0000 	C:\Program Files\Java\jdk-18.0.1\bin\server\jvm.dll
0x00007ffe8b740000 - 0x00007ffe8b748000 	C:\WINDOWS\System32\PSAPI.DLL
0x00007ffe6f740000 - 0x00007ffe6f749000 	C:\WINDOWS\SYSTEM32\WSOCK32.dll
0x00007ffe7b160000 - 0x00007ffe7b187000 	C:\WINDOWS\SYSTEM32\WINMM.dll
0x00007ffe8ca00000 - 0x00007ffe8ca6b000 	C:\WINDOWS\System32\WS2_32.dll
0x00007ffe88ba0000 - 0x00007ffe88bb2000 	C:\WINDOWS\SYSTEM32\kernel.appcore.dll
0x00007ffe84a90000 - 0x00007ffe84a9a000 	C:\Program Files\Java\jdk-18.0.1\bin\jimage.dll
0x00007ffe76e00000 - 0x00007ffe76fe4000 	C:\WINDOWS\SYSTEM32\DBGHELP.DLL
0x00007ffe77010000 - 0x00007ffe7703c000 	C:\WINDOWS\SYSTEM32\dbgcore.DLL
0x00007ffe8b360000 - 0x00007ffe8b3e2000 	C:\WINDOWS\System32\bcryptPrimitives.dll
0x00007ffe7b7f0000 - 0x00007ffe7b815000 	C:\Program Files\Java\jdk-18.0.1\bin\java.dll
0x00007ffe44dc0000 - 0x00007ffe44e96000 	C:\Program Files\Java\jdk-18.0.1\bin\jsvml.dll
0x00007ffe8c180000 - 0x00007ffe8c8c4000 	C:\WINDOWS\System32\SHELL32.dll
0x00007ffe88da0000 - 0x00007ffe89534000 	C:\WINDOWS\SYSTEM32\windows.storage.dll
0x00007ffe8ba90000 - 0x00007ffe8bde4000 	C:\WINDOWS\System32\combase.dll
0x00007ffe8a700000 - 0x00007ffe8a72c000 	C:\WINDOWS\SYSTEM32\Wldp.dll
0x00007ffe8c0d0000 - 0x00007ffe8c17d000 	C:\WINDOWS\System32\SHCORE.dll
0x00007ffe8bdf0000 - 0x00007ffe8be45000 	C:\WINDOWS\System32\shlwapi.dll
0x00007ffe8abe0000 - 0x00007ffe8abff000 	C:\WINDOWS\SYSTEM32\profapi.dll
0x00007ffe783f0000 - 0x00007ffe78403000 	C:\Program Files\Java\jdk-18.0.1\bin\net.dll
0x00007ffe7c110000 - 0x00007ffe7c21a000 	C:\WINDOWS\SYSTEM32\WINHTTP.dll
0x00007ffe8a460000 - 0x00007ffe8a4ca000 	C:\WINDOWS\system32\mswsock.dll
0x00007ffe77170000 - 0x00007ffe77186000 	C:\Program Files\Java\jdk-18.0.1\bin\nio.dll
0x00007ffe76790000 - 0x00007ffe767a8000 	C:\Program Files\Java\jdk-18.0.1\bin\zip.dll
0x00007ffe44c30000 - 0x00007ffe44dbf000 	C:\Program Files\Java\jdk-18.0.1\bin\awt.dll
0x00007ffe8b990000 - 0x00007ffe8ba5d000 	C:\WINDOWS\System32\OLEAUT32.dll
0x00007ffe884e0000 - 0x00007ffe88570000 	C:\WINDOWS\SYSTEM32\apphelp.dll
0x00007ffe88670000 - 0x00007ffe8870e000 	C:\WINDOWS\system32\uxtheme.dll
0x00007ffe8bfb0000 - 0x00007ffe8c0c5000 	C:\WINDOWS\System32\MSCTF.dll
0x00007ffe8c8d0000 - 0x00007ffe8c9fa000 	C:\WINDOWS\System32\ole32.dll
0x00007ffe888b0000 - 0x00007ffe888df000 	C:\WINDOWS\system32\DWMAPI.DLL
0x00007ffe44b10000 - 0x00007ffe44b99000 	C:\Program Files\Java\jdk-18.0.1\bin\freetype.dll
0x00007ffe44a60000 - 0x00007ffe44b08000 	C:\Program Files\Java\jdk-18.0.1\bin\fontmanager.dll
0x00007ffe6be00000 - 0x00007ffe6bf26000 	C:\WINDOWS\system32\opengl32.dll
0x00007ffe7cc20000 - 0x00007ffe7cc4c000 	C:\WINDOWS\SYSTEM32\GLU32.dll
0x00007ffe859d0000 - 0x00007ffe859fd000 	C:\Program Files\Java\jdk-18.0.1\bin\javajpeg.dll
0x00007ffe8d370000 - 0x00007ffe8d419000 	C:\WINDOWS\System32\clbcatq.dll
0x00007ffe83c50000 - 0x00007ffe83e04000 	C:\WINDOWS\SYSTEM32\WindowsCodecs.dll
0x00007ffe8b0c0000 - 0x00007ffe8b0e7000 	C:\WINDOWS\System32\bcrypt.dll
0x00007ffe7a550000 - 0x00007ffe7a58e000 	C:\WINDOWS\system32\dataexchange.dll
0x00007ffe879e0000 - 0x00007ffe87bc5000 	C:\WINDOWS\system32\dcomp.dll
0x00007ffe871b0000 - 0x00007ffe87414000 	C:\WINDOWS\system32\d3d11.dll
0x00007ffe895a0000 - 0x00007ffe89693000 	C:\WINDOWS\system32\dxgi.dll
0x00007ffe83e70000 - 0x00007ffe84071000 	C:\WINDOWS\system32\twinapi.appcore.dll
0x00007ffe84670000 - 0x00007ffe84769000 	C:\WINDOWS\SYSTEM32\textinputframework.dll
0x00007ffe882b0000 - 0x00007ffe883a2000 	C:\WINDOWS\System32\CoreMessaging.dll
0x00007ffe87bd0000 - 0x00007ffe87f2e000 	C:\WINDOWS\System32\CoreUIComponents.dll
0x00007ffe89ac0000 - 0x00007ffe89af3000 	C:\WINDOWS\SYSTEM32\ntmarta.dll
0x00007ffe86bf0000 - 0x00007ffe86d44000 	C:\WINDOWS\SYSTEM32\wintypes.dll
0x00007ffe7bff0000 - 0x00007ffe7c09c000 	C:\WINDOWS\SYSTEM32\TextShaping.dll

dbghelp: loaded successfully - version: 4.0.5 - missing functions: none
symbol engine: initialized successfully - sym options: 0x614 - pdb path: .;C:\Program Files\Java\jdk-18.0.1\bin;C:\WINDOWS\SYSTEM32;C:\WINDOWS\WinSxS\amd64_microsoft.windows.common-controls_6595b64144ccf1df_6.0.19041.1110_none_60b5254171f9507e;C:\Program Files\Java\jdk-18.0.1\bin\server

VM Arguments:
jvm_args: -Dfile.encoding=UTF-8 --module-path=C:\Users\Hp\Documents\NetBeansProjects\ArunikaLabs\build\classes 
java_command: arunikalabs.view.Login
java_class_path (initial): C:\Program Files\NetBeans-13\netbeans\java\modules\ext\AbsoluteLayout.jar;C:\Users\Hp\Downloads\jcalendar-1.1.4.jar;C:\Users\Hp\Documents\NetBeansProjects\ArunikaLabs\build\classes
Launcher Type: SUN_STANDARD

[Global flags]
     intx CICompilerCount                          = 3                                         {product} {ergonomic}
     uint ConcGCThreads                            = 1                                         {product} {ergonomic}
     uint G1ConcRefinementThreads                  = 4                                         {product} {ergonomic}
   size_t G1HeapRegionSize                         = 1048576                                   {product} {ergonomic}
    uintx GCDrainStackTargetSize                   = 64                                        {product} {ergonomic}
   size_t InitialHeapSize                          = 134217728                                 {product} {ergonomic}
   size_t MarkStackSize                            = 4194304                                   {product} {ergonomic}
   size_t MaxHeapSize                              = 2116026368                                {product} {ergonomic}
   size_t MaxNewSize                               = 1268776960                                {product} {ergonomic}
   size_t MinHeapDeltaBytes                        = 1048576                                   {product} {ergonomic}
   size_t MinHeapSize                              = 8388608                                   {product} {ergonomic}
    uintx NonNMethodCodeHeapSize                   = 5832780                                {pd product} {ergonomic}
    uintx NonProfiledCodeHeapSize                  = 122912730                              {pd product} {ergonomic}
    uintx ProfiledCodeHeapSize                     = 122912730                              {pd product} {ergonomic}
    uintx ReservedCodeCacheSize                    = 251658240                              {pd product} {ergonomic}
     bool SegmentedCodeCache                       = true                                      {product} {ergonomic}
   size_t SoftMaxHeapSize                          = 2116026368                             {manageable} {ergonomic}
     bool UseCompressedClassPointers               = true                           {product lp64_product} {ergonomic}
     bool UseCompressedOops                        = true                           {product lp64_product} {ergonomic}
     bool UseG1GC                                  = true                                      {product} {ergonomic}
     bool UseLargePagesIndividualAllocation        = false                                  {pd product} {ergonomic}

Logging:
Log output configuration:
 #0: stdout all=warning uptime,level,tags foldmultilines=false
 #1: stderr all=off uptime,level,tags foldmultilines=false

Environment Variables:
PATH=C:\Program Files\Common Files\Oracle\Java\javapath;C:\Program Files (x86)\Common Files\Oracle\Java\javapath;C:\WINDOWS\system32;C:\WINDOWS;C:\WINDOWS\System32\Wbem;C:\WINDOWS\System32\WindowsPowerShell\v1.0\;C:\Program Files (x86)\Common Files\Autodesk Shared\;C:\WINDOWS\System32\OpenSSH\;C:\Users\Hp\AppData\Local\Microsoft\WindowsApps;;C:\Users\Hp\AppData\Local\Programs\Microsoft VS Code\bin
USERNAME=Hp
OS=Windows_NT
PROCESSOR_IDENTIFIER=Intel64 Family 6 Model 61 Stepping 4, GenuineIntel



---------------  S Y S T E M  ---------------

OS:
 Windows 10 , 64 bit Build 19041 (10.0.19041.1706)
OS uptime: 15 days 3:09 hours

CPU: total 4 (initial active 4) (2 cores per cpu, 2 threads per core) family 6 model 61 stepping 4 microcode 0x2d, cx8, cmov, fxsr, ht, mmx, 3dnowpref, sse, sse2, sse3, ssse3, sse4.1, sse4.2, popcnt, lzcnt, tsc, tscinvbit, avx, avx2, aes, erms, clmul, bmi1, bmi2, rtm, adx, fma, vzeroupper, clflush

Memory: 4k page, system-wide physical 8067M (2044M free)
TotalPageFile size 11697M (AvailPageFile size 8M)
current process WorkingSet (physical memory assigned to process): 91M, peak: 102M
current process commit charge ("private bytes"): 226M, peak: 242M

vm_info: Java HotSpot(TM) 64-Bit Server VM (18.0.1+10-24) for windows-amd64 JRE (18.0.1+10-24), built on Mar  9 2022 22:41:56 by "mach5one" with MS VC++ 16.8 / 16.9 (VS2019)

END.
